cpu-bind=MASK - cn-0159, task  0  0 [2580982]: mask |BBBBBBBBBBBBBBBBBBBB||||BBBBBBBBBBBBBBBBBBBB|  set
Running "module reset". Resetting modules to system default. The following $MODULEPATH directories have been removed: None
cpu-bind=MASK - cn-0159, task  0  0 [2581069]: mask |B-------------------||||--------------------|  set
cpu-bind=MASK - cn-0162, task  1  0 [264697]: mask |B-------------------||||--------------------|  set
[cn-0159:2581069] MCW rank 0 bound to socket 0[core 0[hwt 0]]: [B/././././././././././././././././././.][./././././././././././././././././././.]
[cn-0159:2581069] MCW rank 0 bound to socket 0[core 0[hwt 0]]: [B/././././././././././././././././././.][./././././././././././././././././././.]
[cn-0162:264697] MCW rank 1 bound to socket 0[core 0[hwt 0]]: [B/././././././././././././././././././.][./././././././././././././././././././.]
[cn-0162:264697] MCW rank 1 bound to socket 0[core 0[hwt 0]]: [B/././././././././././././././././././.][./././././././././././././././././././.]
----------------------------------------
Running benchmark OSU Get Latency with type Int8 on 2 MPI ranks with window synchronization: fence

size (bytes),iterations,time (seconds)
0,262144,3.721623600006103
1,262144,14.084641841888427
2,262144,14.097992267608642
4,262144,14.084549587249755
8,262144,14.125933288574222
16,262144,14.133298904418952
32,262144,14.114229419708254
64,262144,14.104444892883302
128,262144,14.188197513580327
256,262144,17.272629501342784
512,262144,25.983423290252688
1024,262144,27.03196442794799
2048,262144,20.179255062103273
4096,262144,21.00882144165039
8192,262144,22.439399829864495
16384,262144,24.044874389648445
32768,262144,28.6478938522339
65536,262144,37.362464431762675
131072,262144,53.186122131347666
262144,262144,85.21282444000242
524288,262144,157.87024172592163
1048576,262144,312.4531373596191
2097152,262144,645.0040419654846
----------------------------------------
cpu-bind=MASK - cn-0159, task  0  0 [2581273]: mask |B-------------------||||--------------------|  set
cpu-bind=MASK - cn-0162, task  1  0 [264862]: mask |B-------------------||||--------------------|  set
[cn-0162:264862] MCW rank 1 bound to socket 0[core 0[hwt 0]]: [B/././././././././././././././././././.][./././././././././././././././././././.]
[cn-0162:264862] MCW rank 1 bound to socket 0[core 0[hwt 0]]: [B/././././././././././././././././././.][./././././././././././././././././././.]
[cn-0159:2581273] MCW rank 0 bound to socket 0[core 0[hwt 0]]: [B/././././././././././././././././././.][./././././././././././././././././././.]
[cn-0159:2581273] MCW rank 0 bound to socket 0[core 0[hwt 0]]: [B/././././././././././././././././././.][./././././././././././././././././././.]
# OSU MPI_Get latency Test v7.0
# Window creation: MPI_Win_create
# Synchronization: MPI_Win_fence
# Size          Latency (us)
1                      11.84
2                      11.87
4                      11.84
8                      11.83
16                     11.84
32                     11.83
64                     11.84
128                    11.90
256                    11.93
512                    20.01
1024                   16.67
2048                   14.08
4096                   16.37
8192                   18.30
16384                  20.07
32768                  24.37
65536                  32.22
131072                 46.79
262144                 74.90
524288                132.05
1048576               247.27
2097152               485.08
