cpu-bind=MASK - cn-0112, task  0  0 [2890561]: mask |BBBBBBBBBBBBBBBBBBBB||||BBBBBBBBBBBBBBBBBBBB|  set
Running "module reset". Resetting modules to system default. The following $MODULEPATH directories have been removed: None
cpu-bind=MASK - cn-0112, task  0  0 [2890652]: mask |B-------------------||||--------------------|  set
cpu-bind=MASK - cn-0169, task  1  0 [3958220]: mask |B-------------------||||--------------------|  set
[cn-0169:3958220] MCW rank 1 bound to socket 0[core 0[hwt 0]]: [B/././././././././././././././././././.][./././././././././././././././././././.]
[cn-0169:3958220] MCW rank 1 bound to socket 0[core 0[hwt 0]]: [B/././././././././././././././././././.][./././././././././././././././././././.]
[cn-0112:2890652] MCW rank 0 bound to socket 0[core 0[hwt 0]]: [B/././././././././././././././././././.][./././././././././././././././././././.]
[cn-0112:2890652] MCW rank 0 bound to socket 0[core 0[hwt 0]]: [B/././././././././././././././././././.][./././././././././././././././././././.]
----------------------------------------
Running benchmark OSU Put Latency with type Int8 on 2 MPI ranks with window synchronization: fence

size (bytes),iterations,time (seconds)
0,262144,4.2221439132690435
1,262144,14.64912852859497
2,262144,14.668073909759524
4,262144,14.729176910400392
8,262144,14.693020786285395
16,262144,14.714013343811024
32,262144,14.747663959503168
64,262144,14.716898708343502
128,262144,14.80873363494874
256,262144,14.818974651336655
512,262144,25.06755294036866
1024,262144,25.228121974945086
2048,262144,25.67591045379638
4096,262144,28.37074443817137
8192,262144,29.919308448791487
16384,262144,33.74640946197509
32768,262144,38.85519451522827
65536,262144,48.044344871521005
131072,262144,71.87970783233642
262144,262144,125.91074655914304
524288,262144,249.67057609176632
1048576,262144,500.0125301818848
2097152,262144,1001.9410389289858
----------------------------------------
cpu-bind=MASK - cn-0112, task  0  0 [2890947]: mask |B-------------------||||--------------------|  set
cpu-bind=MASK - cn-0169, task  1  0 [3958465]: mask |B-------------------||||--------------------|  set
[cn-0112:2890947] MCW rank 0 bound to socket 0[core 0[hwt 0]]: [B/././././././././././././././././././.][./././././././././././././././././././.]
[cn-0112:2890947] MCW rank 0 bound to socket 0[core 0[hwt 0]]: [B/././././././././././././././././././.][./././././././././././././././././././.]
[cn-0169:3958465] MCW rank 1 bound to socket 0[core 0[hwt 0]]: [B/././././././././././././././././././.][./././././././././././././././././././.]
[cn-0169:3958465] MCW rank 1 bound to socket 0[core 0[hwt 0]]: [B/././././././././././././././././././.][./././././././././././././././././././.]
# OSU MPI_Put Latency Test v7.0
# Window creation: MPI_Win_create
# Synchronization: MPI_Win_fence
# Size          Latency (us)
1                      12.91
2                      12.89
4                      12.90
8                      12.90
16                     12.92
32                     12.92
64                     12.93
128                    13.07
256                    13.10
512                    21.15
1024                   22.11
2048                   18.77
4096                   22.19
8192                   23.46
16384                  25.60
32768                  34.54
65536                  42.78
131072                 60.87
262144                 95.97
524288                170.49
1048576               314.45
2097152               653.45
