cpu-bind=MASK - cn-0100, task  0  0 [3918526]: mask |BBBBBBBBBBBBBBBBBBBB||||BBBBBBBBBBBBBBBBBBBB|  set
Running "module reset". Resetting modules to system default. The following $MODULEPATH directories have been removed: None
cpu-bind=MASK - cn-0102, task  1  0 [1389697]: mask |B-------------------||||--------------------|  set
cpu-bind=MASK - cn-0100, task  0  0 [3918617]: mask |B-------------------||||--------------------|  set
[cn-0102:1389697] MCW rank 1 bound to socket 0[core 0[hwt 0]]: [B/././././././././././././././././././.][./././././././././././././././././././.]
[cn-0102:1389697] MCW rank 1 bound to socket 0[core 0[hwt 0]]: [B/././././././././././././././././././.][./././././././././././././././././././.]
[cn-0100:3918617] MCW rank 0 bound to socket 0[core 0[hwt 0]]: [B/././././././././././././././././././.][./././././././././././././././././././.]
[cn-0100:3918617] MCW rank 0 bound to socket 0[core 0[hwt 0]]: [B/././././././././././././././././././.][./././././././././././././././././././.]
----------------------------------------
Running benchmark OSU Get Latency with type Int8 on 2 MPI ranks with window synchronization: lock

size (bytes),iterations,time (seconds)
0,262144,13.482979717254638
1,262144,15.48680126571655
2,262144,15.513751663208007
4,262144,15.599709194183351
8,262144,15.414702259063725
16,262144,15.52229748535157
32,262144,15.536151390075682
64,262144,15.626342414855953
128,262144,15.611145053863517
256,262144,15.960516345977778
512,262144,26.37972093200684
1024,262144,18.923767963409425
2048,262144,19.948326450347892
4096,262144,22.00651545333863
8192,262144,22.439776100158713
16384,262144,23.958906028747556
32768,262144,29.62567188262937
65536,262144,37.506358345031735
131072,262144,50.361182128906265
262144,262144,78.10761722564695
524288,262144,132.2717901802063
1048576,262144,245.72669507598877
2097152,262144,472.45587924957266
----------------------------------------
cpu-bind=MASK - cn-0100, task  0  0 [3918808]: mask |B-------------------||||--------------------|  set
cpu-bind=MASK - cn-0102, task  1  0 [1389855]: mask |B-------------------||||--------------------|  set
[cn-0100:3918808] MCW rank 0 bound to socket 0[core 0[hwt 0]]: [B/././././././././././././././././././.][./././././././././././././././././././.]
[cn-0100:3918808] MCW rank 0 bound to socket 0[core 0[hwt 0]]: [B/././././././././././././././././././.][./././././././././././././././././././.]
[cn-0102:1389855] MCW rank 1 bound to socket 0[core 0[hwt 0]]: [B/././././././././././././././././././.][./././././././././././././././././././.]
[cn-0102:1389855] MCW rank 1 bound to socket 0[core 0[hwt 0]]: [B/././././././././././././././././././.][./././././././././././././././././././.]
# OSU MPI_Get latency Test v7.0
# Window creation: MPI_Win_create
# Synchronization: MPI_Win_lock/unlock
# Size          Latency (us)
1                      15.57
2                      15.48
4                      15.58
8                      15.63
16                     15.61
32                     15.47
64                     15.52
128                    15.46
256                    15.77
512                    24.06
1024                   18.19
2048                   19.13
4096                   22.08
8192                   22.49
16384                  24.15
32768                  28.58
65536                  36.56
131072                 50.75
262144                 78.98
524288                135.08
1048576               247.56
2097152               475.55
