cpu-bind=MASK - cn-0071, task  0  0 [2890982]: mask |BBBBBBBBBBBBBBBBBBBB||||BBBBBBBBBBBBBBBBBBBB|  set
Running "module reset". Resetting modules to system default. The following $MODULEPATH directories have been removed: None
cpu-bind=MASK - cn-0071, task  0  0 [2891069]: mask |B-------------------||||--------------------|  set
cpu-bind=MASK - cn-0164, task  1  0 [59706]: mask |B-------------------||||--------------------|  set
[cn-0164:59706] MCW rank 1 bound to socket 0[core 0[hwt 0]]: [B/././././././././././././././././././.][./././././././././././././././././././.]
[cn-0164:59706] MCW rank 1 bound to socket 0[core 0[hwt 0]]: [B/././././././././././././././././././.][./././././././././././././././././././.]
[cn-0071:2891069] MCW rank 0 bound to socket 0[core 0[hwt 0]]: [B/././././././././././././././././././.][./././././././././././././././././././.]
[cn-0071:2891069] MCW rank 0 bound to socket 0[core 0[hwt 0]]: [B/././././././././././././././././././.][./././././././././././././././././././.]
----------------------------------------
Running benchmark OSU Put Latency with type Int8 on 2 MPI ranks with window synchronization: lock

size (bytes),iterations,time (seconds)
0,262144,14.693724235534669
1,262144,16.445371360778807
2,262144,16.463237258911136
4,262144,16.40423857879638
8,262144,16.342200477600098
16,262144,16.455550086975094
32,262144,16.617803791046153
64,262144,16.497845710754397
128,262144,16.496272674560544
256,262144,16.558640338897725
512,262144,24.83269658279418
1024,262144,25.339396465301515
2048,262144,18.73457022094727
4096,262144,21.20349879837033
8192,262144,22.158346210479706
16384,262144,25.554436244964638
32768,262144,30.823710456848108
65536,262144,40.92449491882323
131072,262144,58.15642327880861
262144,262144,91.15361042404167
524288,262144,162.39477568054198
1048576,262144,303.82656434249884
2097152,262144,589.3050810890198
----------------------------------------
cpu-bind=MASK - cn-0071, task  0  0 [2891241]: mask |B-------------------||||--------------------|  set
cpu-bind=MASK - cn-0164, task  1  0 [59870]: mask |B-------------------||||--------------------|  set
[cn-0071:2891241] MCW rank 0 bound to socket 0[core 0[hwt 0]]: [B/././././././././././././././././././.][./././././././././././././././././././.]
[cn-0071:2891241] MCW rank 0 bound to socket 0[core 0[hwt 0]]: [B/././././././././././././././././././.][./././././././././././././././././././.]
[cn-0164:59870] MCW rank 1 bound to socket 0[core 0[hwt 0]]: [B/././././././././././././././././././.][./././././././././././././././././././.]
[cn-0164:59870] MCW rank 1 bound to socket 0[core 0[hwt 0]]: [B/././././././././././././././././././.][./././././././././././././././././././.]
# OSU MPI_Put Latency Test v7.0
# Window creation: MPI_Win_create
# Synchronization: MPI_Win_lock/unlock
# Size          Latency (us)
1                      16.52
2                      16.60
4                      16.54
8                      16.69
16                     16.70
32                     16.74
64                     16.66
128                    16.57
256                    16.45
512                    24.91
1024                   25.71
2048                   17.86
4096                   21.10
8192                   22.22
16384                  25.82
32768                  30.93
65536                  41.33
131072                 58.92
262144                 91.99
524288                163.07
1048576               304.76
2097152               590.11
