cpu-bind=MASK - cn-0107, task  0  0 [582247]: mask |BBBBBBBBBBBBBBBBBBBB||||BBBBBBBBBBBBBBBBBBBB|  set
Running "module reset". Resetting modules to system default. The following $MODULEPATH directories have been removed: None
cpu-bind=MASK - cn-0107, task  0  0 [582339]: mask |B-------------------||||--------------------|  set
cpu-bind=MASK - cn-0110, task  1  0 [2173170]: mask |B-------------------||||--------------------|  set
[cn-0110:2173170] MCW rank 1 bound to socket 0[core 0[hwt 0]]: [B/././././././././././././././././././.][./././././././././././././././././././.]
[cn-0110:2173170] MCW rank 1 bound to socket 0[core 0[hwt 0]]: [B/././././././././././././././././././.][./././././././././././././././././././.]
[cn-0107:582339] MCW rank 0 bound to socket 0[core 0[hwt 0]]: [B/././././././././././././././././././.][./././././././././././././././././././.]
[cn-0107:582339] MCW rank 0 bound to socket 0[core 0[hwt 0]]: [B/././././././././././././././././././.][./././././././././././././././././././.]
----------------------------------------
Running benchmark OSU Latency with type Int8 on 2 MPI ranks

size (bytes),iterations,latency (seconds)
0,262144,1.0558045864104915e-6
1,262144,1.052904659271105e-6
2,262144,1.0582718639375543e-6
4,262144,1.0501702365874967e-6
8,262144,1.055260681151839e-6
16,262144,1.2173630981446471e-6
32,262144,1.2217417888635298e-6
64,262144,1.230196075439117e-6
128,262144,1.2495741119384376e-6
256,262144,1.282163057327088e-6
512,262144,1.3557581634529862e-6
1024,262144,1.4849842796324418e-6
2048,262144,1.7269455089577188e-6
4096,262144,2.1843039188391153e-6
8192,262144,3.198122575760613e-6
16384,262144,5.792584306717006e-6
32768,262144,7.925345809935818e-6
65536,262144,1.4297042970657274e-5
131072,262144,1.8972661935805885e-5
262144,262144,3.085524364090026e-5
524288,262144,5.156535454940527e-5
1048576,262144,9.379649438477538e-5
2097152,262144,0.00017910249649239927
----------------------------------------
cpu-bind=MASK - cn-0107, task  0  0 [582486]: mask |B-------------------||||--------------------|  set
cpu-bind=MASK - cn-0110, task  1  0 [2173323]: mask |B-------------------||||--------------------|  set
[cn-0110:2173323] MCW rank 1 bound to socket 0[core 0[hwt 0]]: [B/././././././././././././././././././.][./././././././././././././././././././.]
[cn-0110:2173323] MCW rank 1 bound to socket 0[core 0[hwt 0]]: [B/././././././././././././././././././.][./././././././././././././././././././.]
[cn-0107:582486] MCW rank 0 bound to socket 0[core 0[hwt 0]]: [B/././././././././././././././././././.][./././././././././././././././././././.]
[cn-0107:582486] MCW rank 0 bound to socket 0[core 0[hwt 0]]: [B/././././././././././././././././././.][./././././././././././././././././././.]
# OSU MPI Latency Test v7.0
# Size          Latency (us)
0                       0.95
1                       0.95
2                       0.95
4                       0.95
8                       0.95
16                      1.10
32                      1.11
64                      1.10
128                     1.12
256                     1.17
512                     1.24
1024                    1.38
2048                    1.62
4096                    2.07
8192                    3.10
16384                   5.70
32768                   7.81
65536                  13.62
131072                 19.99
262144                 29.67
524288                 52.13
1048576                95.37
2097152               179.21
