cpu-bind=MASK - cn-0109, task  0  0 [751520]: mask |BBBBBBBBBBBBBBBBBBBB||||BBBBBBBBBBBBBBBBBBBB|  set
Running "module reset". Resetting modules to system default. The following $MODULEPATH directories have been removed: None
cpu-bind=MASK - cn-0109, task  0  0 [751611]: mask |B-------------------||||--------------------|  set
cpu-bind=MASK - cn-0111, task  1  0 [1047850]: mask |B-------------------||||--------------------|  set
[cn-0109:751611] MCW rank 0 bound to socket 0[core 0[hwt 0]]: [B/././././././././././././././././././.][./././././././././././././././././././.]
[cn-0109:751611] MCW rank 0 bound to socket 0[core 0[hwt 0]]: [B/././././././././././././././././././.][./././././././././././././././././././.]
[cn-0111:1047850] MCW rank 1 bound to socket 0[core 0[hwt 0]]: [B/././././././././././././././././././.][./././././././././././././././././././.]
[cn-0111:1047850] MCW rank 1 bound to socket 0[core 0[hwt 0]]: [B/././././././././././././././././././.][./././././././././././././././././././.]
----------------------------------------
Running benchmark OSU Bandwidth with type Int8 on 2 MPI ranks

size (bytes),iterations,bandwidth (MB/s)
0,262144,1.6995224317550723e-5
1,262144,1.5788728015899534e-5
2,262144,1.5713269662857755e-5
4,262144,1.5654557680130783e-5
8,262144,1.565785434150629e-5
16,262144,1.65730627880052e-5
32,262144,1.6592819494243725e-5
64,262144,1.6488260679246088e-5
128,262144,1.6560049325951246e-5
256,262144,1.701996417235828e-5
512,262144,1.7618230705257557e-5
1024,262144,1.87275528030341e-5
2048,262144,2.297418577194385e-5
4096,262144,2.9597421789180102e-5
8192,262144,4.4064544189451765e-5
16384,262144,0.00010481509734917106
32768,262144,0.00011383420467186235
65536,262144,0.00022451838672066314
131072,262144,0.0004298120082225328
262144,262144,0.0008300773530864234
524288,262144,0.0016399413476771724
1048576,262144,0.003224550969460029
2097152,262144,0.006500209801749954
----------------------------------------
cpu-bind=MASK - cn-0109, task  0  0 [754289]: mask |B-------------------||||--------------------|  set
cpu-bind=MASK - cn-0111, task  1  0 [1050083]: mask |B-------------------||||--------------------|  set
[cn-0109:754289] MCW rank 0 bound to socket 0[core 0[hwt 0]]: [B/././././././././././././././././././.][./././././././././././././././././././.]
[cn-0109:754289] MCW rank 0 bound to socket 0[core 0[hwt 0]]: [B/././././././././././././././././././.][./././././././././././././././././././.]
[cn-0111:1050083] MCW rank 1 bound to socket 0[core 0[hwt 0]]: [B/././././././././././././././././././.][./././././././././././././././././././.]
[cn-0111:1050083] MCW rank 1 bound to socket 0[core 0[hwt 0]]: [B/././././././././././././././././././.][./././././././././././././././././././.]
# OSU MPI Bandwidth Test v7.0
# Size      Bandwidth (MB/s)
1                       4.86
2                       9.70
4                      19.46
8                      38.88
16                     68.93
32                    137.59
64                    276.34
128                   547.27
256                  1048.41
512                  1946.75
1024                 3405.73
2048                 5348.58
4096                 7425.28
8192                 8474.83
16384                6002.63
32768               11707.30
65536               11885.07
131072              12168.75
262144              12273.64
524288              12322.31
1048576             12353.17
2097152             12365.42
